Using pre-set license
Built from '2020.3/staging' branch; Version is '2020.3.18f1 (a7d1c678663c) revision 10998214'; Using compiler version '192528614'; Build Type 'Release'
OS: 'Windows 10 Pro; OS build 19043.1237; Version 2009; 64bit' Language: 'en' Physical Memory: 16158 MB
BatchMode: 1, IsHumanControllingUs: 0, StartBugReporterOnCrash: 0, Is64bit: 1, IsPro: 0

COMMAND LINE ARGUMENTS:
C:\Program Files\Unity\Hub\Editor\2020.3.18f1\Editor\Unity.exe
-adb2
-batchMode
-noUpm
-name
AssetImportWorker0
-projectPath
C:/JoppeTestProject/Projects/VR_multiplayer_project/VR Multiplayer project
-logFile
Logs/AssetImportWorker0.log
-srvPort
64468
Successfully changed project path to: C:/JoppeTestProject/Projects/VR_multiplayer_project/VR Multiplayer project
C:/JoppeTestProject/Projects/VR_multiplayer_project/VR Multiplayer project
Using Asset Import Pipeline V2.
Refreshing native plugins compatible for Editor in 62.41 ms, found 18 plugins.
Preloading 1 native plugins for Editor in 1.03 ms.
Initialize engine version: 2020.3.18f1 (a7d1c678663c)
[Subsystems] Discovering subsystems at path C:/Program Files/Unity/Hub/Editor/2020.3.18f1/Editor/Data/Resources/UnitySubsystems
[Subsystems] Discovering subsystems at path C:/JoppeTestProject/Projects/VR_multiplayer_project/VR Multiplayer project/Assets
GfxDevice: creating device client; threaded=0
Direct3D:
    Version:  Direct3D 11.0 [level 11.1]
    Renderer: NVIDIA GeForce RTX 2080 (ID=0x1e82)
    Vendor:   
    VRAM:     8010 MB
    Driver:   27.21.14.6140
Initialize mono
Mono path[0] = 'C:/Program Files/Unity/Hub/Editor/2020.3.18f1/Editor/Data/Managed'
Mono path[1] = 'C:/Program Files/Unity/Hub/Editor/2020.3.18f1/Editor/Data/MonoBleedingEdge/lib/mono/unityjit'
Mono config path = 'C:/Program Files/Unity/Hub/Editor/2020.3.18f1/Editor/Data/MonoBleedingEdge/etc'
Using monoOptions --debugger-agent=transport=dt_socket,embedding=1,server=y,suspend=n,address=127.0.0.1:56664
Begin MonoManager ReloadAssembly
Registering precompiled unity dll's ...
Register platform support module: C:/Program Files/Unity/Hub/Editor/2020.3.18f1/Editor/Data/PlaybackEngines/WindowsStandaloneSupport/UnityEditor.WindowsStandalone.Extensions.dll
Registered in 0.001349 seconds.
Native extension for WindowsStandalone target not found
Refreshing native plugins compatible for Editor in 44.06 ms, found 18 plugins.
Preloading 1 native plugins for Editor in 0.09 ms.
Mono: successfully reloaded assembly
- Completed reload, in  0.825 seconds
Domain Reload Profiling:
	ReloadAssembly (825ms)
		BeginReloadAssembly (47ms)
			ExecutionOrderSort (0ms)
			DisableScriptedObjects (0ms)
			BackupInstance (0ms)
			ReleaseScriptingObjects (0ms)
			CreateAndSetChildDomain (1ms)
		EndReloadAssembly (361ms)
			LoadAssemblies (45ms)
			RebuildTransferFunctionScriptingTraits (0ms)
			SetupTypeCache (127ms)
			ReleaseScriptCaches (0ms)
			RebuildScriptCaches (24ms)
			SetupLoadedEditorAssemblies (150ms)
				LogAssemblyErrors (0ms)
				InitializePlatformSupportModulesInManaged (3ms)
				SetLoadedEditorAssemblies (0ms)
				RefreshPlugins (44ms)
				BeforeProcessingInitializeOnLoad (13ms)
				ProcessInitializeOnLoadAttributes (66ms)
				ProcessInitializeOnLoadMethodAttributes (23ms)
				AfterProcessingInitializeOnLoad (0ms)
				EditorAssembliesLoaded (0ms)
			ExecutionOrderSort2 (0ms)
			AwakeInstancesAfterBackupRestoration (0ms)
Platform modules already initialized, skipping
Registering precompiled user dll's ...
Registered in 0.011506 seconds.
Begin MonoManager ReloadAssembly
Native extension for WindowsStandalone target not found
Refreshing native plugins compatible for Editor in 46.47 ms, found 18 plugins.
Preloading 1 native plugins for Editor in 0.09 ms.
[XR] [Mixed Reality OpenXR Mesh]: RegisterLifecycleProvider.
[XR] [Mixed Reality OpenXR Input]: RegisterLifecycleProvider.
Added DLL directory C:\JoppeTestProject\Projects\VR_multiplayer_project\VR Multiplayer project\Library\PackageCache\com.microsoft.mixedreality.input@bb199de0a475-1632740450579\Plugins\Windows\x64 to the user search path.
UnityEngine.StackTraceUtility:ExtractStackTrace ()
UnityEngine.DebugLogHandler:LogFormat (UnityEngine.LogType,UnityEngine.Object,string,object[])
UnityEngine.Logger:Log (UnityEngine.LogType,object)
UnityEngine.Debug:Log (object)
Microsoft.MixedReality.Input.Init:.cctor () (at Library/PackageCache/com.microsoft.mixedreality.input@bb199de0a475-1632740450579/Editor/Microsoft.MixedReality.Input.Init.cs:88)
System.Runtime.CompilerServices.RuntimeHelpers:RunClassConstructor (System.RuntimeTypeHandle)
UnityEditor.EditorAssemblies:ProcessInitializeOnLoadAttributes (System.Type[])

(Filename: Library/PackageCache/com.microsoft.mixedreality.input@bb199de0a475-1632740450579/Editor/Microsoft.MixedReality.Input.Init.cs Line: 88)

Mono: successfully reloaded assembly
- Completed reload, in  1.192 seconds
Domain Reload Profiling:
	ReloadAssembly (1193ms)
		BeginReloadAssembly (122ms)
			ExecutionOrderSort (0ms)
			DisableScriptedObjects (4ms)
			BackupInstance (0ms)
			ReleaseScriptingObjects (0ms)
			CreateAndSetChildDomain (15ms)
		EndReloadAssembly (1018ms)
			LoadAssemblies (83ms)
			RebuildTransferFunctionScriptingTraits (0ms)
			SetupTypeCache (271ms)
			ReleaseScriptCaches (1ms)
			RebuildScriptCaches (51ms)
			SetupLoadedEditorAssemblies (495ms)
				LogAssemblyErrors (0ms)
				InitializePlatformSupportModulesInManaged (3ms)
				SetLoadedEditorAssemblies (0ms)
				RefreshPlugins (47ms)
				BeforeProcessingInitializeOnLoad (86ms)
				ProcessInitializeOnLoadAttributes (344ms)
				ProcessInitializeOnLoadMethodAttributes (10ms)
				AfterProcessingInitializeOnLoad (4ms)
				EditorAssembliesLoaded (0ms)
			ExecutionOrderSort2 (0ms)
			AwakeInstancesAfterBackupRestoration (5ms)
Platform modules already initialized, skipping
========================================================================
Worker process is ready to serve import requests
Launched and connected shader compiler UnityShaderCompiler.exe after 0.05 seconds
Refreshing native plugins compatible for Editor in 0.86 ms, found 18 plugins.
Preloading 1 native plugins for Editor in 0.07 ms.
Unloading 2689 Unused Serialized files (Serialized files now loaded: 0)
System memory in use before: 111.7 MB.
System memory in use after: 111.8 MB.

Unloading 54 unused Assets to reduce memory usage. Loaded Objects now: 3140.
Total: 3.500300 ms (FindLiveObjects: 0.207200 ms CreateObjectMapping: 0.105700 ms MarkObjects: 3.118700 ms  DeleteObjects: 0.067800 ms)

AssetImportParameters requested are different than current active one (requested -> active):
  custom:framework-win-MediaFoundation: 216162199b28c13a410421893ffa2e32 -> 
  custom:video-decoder-ogg-theora: a1e56fd34408186e4bbccfd4996cb3dc -> 
  custom:container-muxer-webm: aa71ff27fc2769a1b78a27578f13a17b -> 
  custom:container-demuxer-webm: 4f35f7cbe854078d1ac9338744f61a02 -> 
  custom:container-demuxer-ogg: 62fdf1f143b41e24485cea50d1cbac27 -> 
  custom:video-encoder-webm-vp8: eb34c28f22e8b96e1ab97ce403110664 -> 
  custom:video-codec-MediaFoundation-h265: 746d11721c4dcdbdad8f713fa42b33f4 -> 
  custom:video-decoder-webm-vp8: 9c59270c3fd7afecdb556c50c9e8de78 -> 
  custom:audio-decoder-ogg-vorbis: bf7c407c2cedff20999df2af8eb42d56 -> 
  custom:audio-encoder-webm-vorbis: bf7c407c2cedff20999df2af8eb42d56 -> 
========================================================================
Received Import Request.
  path: Assets/Prefabs/Player/Player (HP Reverb Controllers).prefab
  artifactKey: Guid(be37277634450164a8c31f80665de95d) Importer(815301076,1909f56bfc062723c751e8b465ee728b)
Start importing Assets/Prefabs/Player/Player (HP Reverb Controllers).prefab using Guid(be37277634450164a8c31f80665de95d) Importer(815301076,1909f56bfc062723c751e8b465ee728b)  -> (artifact id: 'e950c2681ea3072f1dd7c1daa114eb97') in 0.105963 seconds 
  Import took 0.110146 seconds .

========================================================================
Received Import Request.
  Time since last request: 0.000246 seconds.
  path: Assets/Prefabs/Player/Player (Blaster).prefab
  artifactKey: Guid(dbb5376871bec6b46be6f0dda9933ba9) Importer(815301076,1909f56bfc062723c751e8b465ee728b)
Start importing Assets/Prefabs/Player/Player (Blaster).prefab using Guid(dbb5376871bec6b46be6f0dda9933ba9) Importer(815301076,1909f56bfc062723c751e8b465ee728b)  -> (artifact id: '0cceb8c63942f5fb6f802f6bf375f12b') in 0.014834 seconds 
  Import took 0.018461 seconds .

========================================================================
Received Import Request.
  Time since last request: 1017.092071 seconds.
  path: Assets/Prefabs/Player/Player (HP Reverb Controllers).prefab
  artifactKey: Guid(be37277634450164a8c31f80665de95d) Importer(815301076,1909f56bfc062723c751e8b465ee728b)
Start importing Assets/Prefabs/Player/Player (HP Reverb Controllers).prefab using Guid(be37277634450164a8c31f80665de95d) Importer(815301076,1909f56bfc062723c751e8b465ee728b)  -> (artifact id: 'c8c21e5dfa474439c5a8b03778dfe47f') in 0.011798 seconds 
  Import took 0.016135 seconds .

========================================================================
Received Import Request.
  Time since last request: 6.253949 seconds.
  path: Assets/Prefabs/Player/Player (HP Reverb Controllers).prefab
  artifactKey: Guid(be37277634450164a8c31f80665de95d) Importer(815301076,1909f56bfc062723c751e8b465ee728b)
Start importing Assets/Prefabs/Player/Player (HP Reverb Controllers).prefab using Guid(be37277634450164a8c31f80665de95d) Importer(815301076,1909f56bfc062723c751e8b465ee728b)  -> (artifact id: '8654b0f0c86cca510ff40f57d7cd07c4') in 0.010676 seconds 
  Import took 0.014670 seconds .

========================================================================
Received Import Request.
  Time since last request: 613.363048 seconds.
  path: Assets/Player Input Actions/Player.inputactions
  artifactKey: Guid(14a3be89c1a62dc4fb3003a9003d9764) Importer(815301076,1909f56bfc062723c751e8b465ee728b)
Start importing Assets/Player Input Actions/Player.inputactions using Guid(14a3be89c1a62dc4fb3003a9003d9764) Importer(815301076,1909f56bfc062723c751e8b465ee728b)  -> (artifact id: 'f5fc633eeefb4bf974f6622b69d69fa0') in 0.008106 seconds 
  Import took 0.013160 seconds .

========================================================================
Received Import Request.
  Time since last request: 13.587379 seconds.
  path: Assets/XR/Settings/Windows MR Package Settings.asset
  artifactKey: Guid(04741a49ee5a89149bd193f20df1db88) Importer(815301076,1909f56bfc062723c751e8b465ee728b)
Start importing Assets/XR/Settings/Windows MR Package Settings.asset using Guid(04741a49ee5a89149bd193f20df1db88) Importer(815301076,1909f56bfc062723c751e8b465ee728b)  -> (artifact id: '5a36d3107ba36e8a2e7163557012ff90') in 0.009287 seconds 
  Import took 0.012847 seconds .

========================================================================
Received Import Request.
  Time since last request: 0.002952 seconds.
  path: Assets/XR/Settings/Windows MR Package Settings.asset
  artifactKey: Guid(04741a49ee5a89149bd193f20df1db88) Importer(815301076,1909f56bfc062723c751e8b465ee728b)
Start importing Assets/XR/Settings/Windows MR Package Settings.asset using Guid(04741a49ee5a89149bd193f20df1db88) Importer(815301076,1909f56bfc062723c751e8b465ee728b)  -> (artifact id: '5a36d3107ba36e8a2e7163557012ff90') in 0.002442 seconds 
  Import took 0.006164 seconds .

========================================================================
Received Import Request.
  Time since last request: 56.546037 seconds.
  path: Assets/Player Input Actions/Player.inputactions
  artifactKey: Guid(14a3be89c1a62dc4fb3003a9003d9764) Importer(815301076,1909f56bfc062723c751e8b465ee728b)
Start importing Assets/Player Input Actions/Player.inputactions using Guid(14a3be89c1a62dc4fb3003a9003d9764) Importer(815301076,1909f56bfc062723c751e8b465ee728b)  -> (artifact id: '90356c54e1b96a8ffe13bbf9930a856d') in 0.002771 seconds 
  Import took 0.007111 seconds .

AssetImportWorkerClient::OnTransportError - code=2 error=End of file
